<?xml version="1.0" encoding="UTF-8"?>
<testng-results ignored="0" total="1" passed="1" failed="0" skipped="0">
  <reporter-output>
  </reporter-output>
  <suite started-at="2025-10-29T23:35:31 EDT" name="Default suite" finished-at="2025-10-29T23:35:34 EDT" duration-ms="2628">
    <groups>
    </groups>
    <test started-at="2025-10-29T23:35:31 EDT" name="Default test" finished-at="2025-10-29T23:35:34 EDT" duration-ms="2628">
      <class name="autm.cicd.tests.NopcomTest">
        <test-method is-config="true" signature="setup()[pri:0, instance:autm.cicd.tests.NopcomTest@5bf0d49]" started-at="2025-10-29T23:35:31 EDT" name="setup" finished-at="2025-10-29T23:35:33 EDT" duration-ms="1617" status="PASS">
          <reporter-output>
          </reporter-output>
        </test-method> <!-- setup -->
        <test-method signature="verifyGoogleSearch()[pri:0, instance:autm.cicd.tests.NopcomTest@5bf0d49]" started-at="2025-10-29T23:35:33 EDT" name="verifyGoogleSearch" finished-at="2025-10-29T23:35:33 EDT" duration-ms="834" status="PASS">
          <reporter-output>
          </reporter-output>
        </test-method> <!-- verifyGoogleSearch -->
        <test-method is-config="true" signature="tearDown()[pri:0, instance:autm.cicd.tests.NopcomTest@5bf0d49]" started-at="2025-10-29T23:35:33 EDT" name="tearDown" finished-at="2025-10-29T23:35:34 EDT" duration-ms="146" status="PASS">
          <reporter-output>
          </reporter-output>
        </test-method> <!-- tearDown -->
      </class> <!-- autm.cicd.tests.NopcomTest -->
    </test> <!-- Default test -->
  </suite> <!-- Default suite -->
</testng-results>
